0 info it worked if it ends with ok
1 verbose cli [ '/usr/local/Cellar/node/0.10.26/bin/node',
1 verbose cli   '/usr/local/bin/npm',
1 verbose cli   'install',
1 verbose cli   '--save',
1 verbose cli   'child_process' ]
2 info using npm@1.4.3
3 info using node@v0.10.26
4 warn package.json socket-chat-example@0.0.1 No repository field.
5 warn package.json socket-chat-example@0.0.1 No README data
6 verbose readDependencies using package.json deps
7 verbose cache add [ 'child_process', null ]
8 verbose cache add name=undefined spec="child_process" args=["child_process",null]
9 verbose parsed url { protocol: null,
9 verbose parsed url   slashes: null,
9 verbose parsed url   auth: null,
9 verbose parsed url   host: null,
9 verbose parsed url   port: null,
9 verbose parsed url   hostname: null,
9 verbose parsed url   hash: null,
9 verbose parsed url   search: null,
9 verbose parsed url   query: null,
9 verbose parsed url   pathname: 'child_process',
9 verbose parsed url   path: 'child_process',
9 verbose parsed url   href: 'child_process' }
10 silly lockFile 4845fa97-child-process child_process
11 verbose lock child_process /Users/eduardomartins/.npm/4845fa97-child-process.lock
12 silly lockFile 4845fa97-child-process child_process
13 silly lockFile 4845fa97-child-process child_process
14 verbose addNamed [ 'child_process', '' ]
15 verbose addNamed [ null, '*' ]
16 silly lockFile 512a7ef6-child-process child_process@
17 verbose lock child_process@ /Users/eduardomartins/.npm/512a7ef6-child-process.lock
18 silly addNameRange { name: 'child_process', range: '*', hasData: false }
19 verbose url raw child_process
20 verbose url resolving [ 'https://registry.npmjs.org/', './child_process' ]
21 verbose url resolved https://registry.npmjs.org/child_process
22 info trying registry request attempt 1 at 00:23:11
23 http GET https://registry.npmjs.org/child_process
24 http 404 https://registry.npmjs.org/child_process
25 silly registry.get cb [ 404,
25 silly registry.get   { date: 'Sat, 21 Feb 2015 02:23:12 GMT',
25 silly registry.get     server: 'CouchDB/1.5.0 (Erlang OTP/R16B03)',
25 silly registry.get     'content-type': 'application/json',
25 silly registry.get     'cache-control': 'max-age=0',
25 silly registry.get     'content-length': '52',
25 silly registry.get     'accept-ranges': 'bytes',
25 silly registry.get     via: '1.1 varnish',
25 silly registry.get     age: '0',
25 silly registry.get     'x-served-by': 'cache-atl6230-ATL',
25 silly registry.get     'x-cache': 'MISS',
25 silly registry.get     'x-cache-hits': '0',
25 silly registry.get     'x-timer': 'S1424485392.131884,VS0,VE113',
25 silly registry.get     'keep-alive': 'timeout=10, max=50',
25 silly registry.get     connection: 'Keep-Alive' } ]
26 silly lockFile 512a7ef6-child-process child_process@
27 silly lockFile 512a7ef6-child-process child_process@
28 error 404 'child_process' is not in the npm registry.
28 error 404 You should bug the author to publish it
28 error 404 It was specified as a dependency of 'socket-chat-example'
28 error 404
28 error 404 Note that you can also install from a
28 error 404 tarball, folder, or http url, or git url.
29 error System Darwin 14.1.0
30 error command "/usr/local/Cellar/node/0.10.26/bin/node" "/usr/local/bin/npm" "install" "--save" "child_process"
31 error cwd /Users/eduardomartins/Projetos/node-socket
32 error node -v v0.10.26
33 error npm -v 1.4.3
34 error code E404
35 verbose exit [ 1, true ]
